# JRE version: Java(TM) SE Runtime Environment (19.0.1+10) (build 19.0.1+10-21)
# Java VM: Java HotSpot(TM) 64-Bit Server VM (19.0.1+10-21, mixed mode, sharing, tiered, compressed oops, compressed class ptrs, g1 gc, windows-amd64)
GC Precious Log:
 CardTable entry size: 512
 Card Set container configuration: InlinePtr #cards 5 size 8 Array Of Cards #cards 12 size 40 Howl #buckets 4 coarsen threshold 1843 Howl Bitmap #cards 512 size 80 coarsen threshold 460 Card regions per heap region 1 cards per card region 2048
 CPUs: 8 total, 8 available
 Memory: 8029M
 Large Page Support: Disabled
 NUMA Support: Disabled
 Compressed Oops: Enabled (32-bit)
 Heap Region Size: 1M
 Heap Min Capacity: 8M
 Heap Initial Capacity: 126M
 Heap Max Capacity: 2008M
 Pre-touch: Disabled
 Parallel Workers: 8
 Concurrent Workers: 2
 Concurrent Refinement Workers: 8
 Periodic GC: Disabled
Heap:
 garbage-first heap   total 68608K, used 34247K [0x0000000082800000, 0x0000000100000000)
  region size 1024K, 9 young (9216K), 3 survivors (3072K)
 Metaspace       used 61297K, committed 61696K, reserved 1114112K
  class space    used 7777K, committed 7936K, reserved 1048576K
GC Heap History (20 events):
Event: 5.254 GC heap before
{Heap before GC invocations=6 (full 0):
 garbage-first heap   total 48128K, used 31575K [0x0000000082800000, 0x0000000100000000)
  region size 1024K, 18 young (18432K), 1 survivors (1024K)
 Metaspace       used 28757K, committed 29056K, reserved 1114112K
  class space    used 3431K, committed 3584K, reserved 1048576K
}
Event: 5.261 GC heap after
{Heap after GC invocations=7 (full 0):
 garbage-first heap   total 48128K, used 16432K [0x0000000082800000, 0x0000000100000000)
  region size 1024K, 2 young (2048K), 2 survivors (2048K)
 Metaspace       used 28757K, committed 29056K, reserved 1114112K
  class space    used 3431K, committed 3584K, reserved 1048576K
}
Event: 6.093 GC heap before
{Heap before GC invocations=7 (full 0):
 garbage-first heap   total 48128K, used 32816K [0x0000000082800000, 0x0000000100000000)
  region size 1024K, 19 young (19456K), 2 survivors (2048K)
 Metaspace       used 32787K, committed 33152K, reserved 1114112K
  class space    used 3989K, committed 4160K, reserved 1048576K
}
Event: 6.097 GC heap after
{Heap after GC invocations=8 (full 0):
 garbage-first heap   total 72704K, used 17577K [0x0000000082800000, 0x0000000100000000)
  region size 1024K, 2 young (2048K), 2 survivors (2048K)
 Metaspace       used 32787K, committed 33152K, reserved 1114112K
  class space    used 3989K, committed 4160K, reserved 1048576K
}
Event: 6.467 GC heap before
{Heap before GC invocations=8 (full 0):
 garbage-first heap   total 72704K, used 24745K [0x0000000082800000, 0x0000000100000000)
  region size 1024K, 11 young (11264K), 2 survivors (2048K)
 Metaspace       used 35637K, committed 35968K, reserved 1114112K
  class space    used 4483K, committed 4608K, reserved 1048576K
}
Event: 6.469 GC heap after
{Heap after GC invocations=9 (full 0):
 garbage-first heap   total 72704K, used 18017K [0x0000000082800000, 0x0000000100000000)
  region size 1024K, 2 young (2048K), 2 survivors (2048K)
 Metaspace       used 35637K, committed 35968K, reserved 1114112K
  class space    used 4483K, committed 4608K, reserved 1048576K
}
Event: 7.793 GC heap before
{Heap before GC invocations=10 (full 0):
 garbage-first heap   total 68608K, used 53857K [0x0000000082800000, 0x0000000100000000)
  region size 1024K, 37 young (37888K), 2 survivors (2048K)
 Metaspace       used 45441K, committed 45760K, reserved 1114112K
  class space    used 5805K, committed 5952K, reserved 1048576K
}
Event: 7.798 GC heap after
{Heap after GC invocations=11 (full 0):
 garbage-first heap   total 68608K, used 21153K [0x0000000082800000, 0x0000000100000000)
  region size 1024K, 5 young (5120K), 5 survivors (5120K)
 Metaspace       used 45441K, committed 45760K, reserved 1114112K
  class space    used 5805K, committed 5952K, reserved 1048576K
}
Event: 7.827 GC heap before
{Heap before GC invocations=11 (full 0):
 garbage-first heap   total 68608K, used 22177K [0x0000000082800000, 0x0000000100000000)
  region size 1024K, 6 young (6144K), 5 survivors (5120K)
 Metaspace       used 45478K, committed 45824K, reserved 1114112K
  class space    used 5806K, committed 5952K, reserved 1048576K
}
Event: 7.831 GC heap after
{Heap after GC invocations=12 (full 0):
 garbage-first heap   total 68608K, used 21744K [0x0000000082800000, 0x0000000100000000)
  region size 1024K, 1 young (1024K), 1 survivors (1024K)
 Metaspace       used 45478K, committed 45824K, reserved 1114112K
  class space    used 5806K, committed 5952K, reserved 1048576K
}
Event: 8.928 GC heap before
{Heap before GC invocations=12 (full 0):
 garbage-first heap   total 68608K, used 50416K [0x0000000082800000, 0x0000000100000000)
  region size 1024K, 30 young (30720K), 1 survivors (1024K)
 Metaspace       used 50462K, committed 50880K, reserved 1114112K
  class space    used 6406K, committed 6592K, reserved 1048576K
}
Event: 8.931 GC heap after
{Heap after GC invocations=13 (full 0):
 garbage-first heap   total 68608K, used 23440K [0x0000000082800000, 0x0000000100000000)
  region size 1024K, 3 young (3072K), 3 survivors (3072K)
 Metaspace       used 50462K, committed 50880K, reserved 1114112K
  class space    used 6406K, committed 6592K, reserved 1048576K
}
Event: 11.693 GC heap before
{Heap before GC invocations=13 (full 0):
 garbage-first heap   total 68608K, used 52112K [0x0000000082800000, 0x0000000100000000)
  region size 1024K, 31 young (31744K), 3 survivors (3072K)
 Metaspace       used 52555K, committed 52992K, reserved 1114112K
  class space    used 6679K, committed 6912K, reserved 1048576K
}
Event: 11.698 GC heap after
{Heap after GC invocations=14 (full 0):
 garbage-first heap   total 68608K, used 25142K [0x0000000082800000, 0x0000000100000000)
  region size 1024K, 2 young (2048K), 2 survivors (2048K)
 Metaspace       used 52555K, committed 52992K, reserved 1114112K
  class space    used 6679K, committed 6912K, reserved 1048576K
}
Event: 12.760 GC heap before
{Heap before GC invocations=14 (full 0):
 garbage-first heap   total 68608K, used 53814K [0x0000000082800000, 0x0000000100000000)
  region size 1024K, 30 young (30720K), 2 survivors (2048K)
 Metaspace       used 56083K, committed 56512K, reserved 1114112K
  class space    used 7142K, committed 7360K, reserved 1048576K
}
Event: 12.768 GC heap after
{Heap after GC invocations=15 (full 0):
 garbage-first heap   total 68608K, used 27489K [0x0000000082800000, 0x0000000100000000)
  region size 1024K, 4 young (4096K), 4 survivors (4096K)
 Metaspace       used 56083K, committed 56512K, reserved 1114112K
  class space    used 7142K, committed 7360K, reserved 1048576K
}
Event: 13.258 GC heap before
{Heap before GC invocations=15 (full 0):
 garbage-first heap   total 68608K, used 54113K [0x0000000082800000, 0x0000000100000000)
  region size 1024K, 30 young (30720K), 4 survivors (4096K)
 Metaspace       used 57201K, committed 57664K, reserved 1114112K
  class space    used 7308K, committed 7552K, reserved 1048576K
}
Event: 13.264 GC heap after
{Heap after GC invocations=16 (full 0):
 garbage-first heap   total 68608K, used 29216K [0x0000000082800000, 0x0000000100000000)
  region size 1024K, 2 young (2048K), 2 survivors (2048K)
 Metaspace       used 57201K, committed 57664K, reserved 1114112K
  class space    used 7308K, committed 7552K, reserved 1048576K
}
Event: 28.496 GC heap before
{Heap before GC invocations=16 (full 0):
 garbage-first heap   total 68608K, used 51744K [0x0000000082800000, 0x0000000100000000)
  region size 1024K, 25 young (25600K), 2 survivors (2048K)
 Metaspace       used 59749K, committed 60160K, reserved 1114112K
  class space    used 7602K, committed 7808K, reserved 1048576K
}
Event: 28.502 GC heap after
{Heap after GC invocations=17 (full 0):
 garbage-first heap   total 68608K, used 30151K [0x0000000082800000, 0x0000000100000000)
  region size 1024K, 3 young (3072K), 3 survivors (3072K)
 Metaspace       used 59749K, committed 60160K, reserved 1114112K
  class space    used 7602K, committed 7808K, reserved 1048576K
}

