# JRE version: Java(TM) SE Runtime Environment (19.0.1+10) (build 19.0.1+10-21)
# Java VM: Java HotSpot(TM) 64-Bit Server VM (19.0.1+10-21, mixed mode, sharing, tiered, compressed oops, compressed class ptrs, g1 gc, windows-amd64)
GC Precious Log:
 CardTable entry size: 512
 Card Set container configuration: InlinePtr #cards 5 size 8 Array Of Cards #cards 12 size 40 Howl #buckets 4 coarsen threshold 1843 Howl Bitmap #cards 512 size 80 coarsen threshold 460 Card regions per heap region 1 cards per card region 2048
 CPUs: 8 total, 8 available
 Memory: 8029M
 Large Page Support: Disabled
 NUMA Support: Disabled
 Compressed Oops: Enabled (32-bit)
 Heap Region Size: 1M
 Heap Min Capacity: 8M
 Heap Initial Capacity: 126M
 Heap Max Capacity: 2008M
 Pre-touch: Disabled
 Parallel Workers: 8
 Concurrent Workers: 2
 Concurrent Refinement Workers: 8
 Periodic GC: Disabled
Heap:
 garbage-first heap   total 77824K, used 41322K [0x0000000082800000, 0x0000000100000000)
  region size 1024K, 16 young (16384K), 2 survivors (2048K)
 Metaspace       used 61158K, committed 61568K, reserved 1114112K
  class space    used 7760K, committed 7936K, reserved 1048576K
GC Heap History (20 events):
Event: 7.510 GC heap before
{Heap before GC invocations=13 (full 0):
 garbage-first heap   total 48128K, used 37220K [0x0000000082800000, 0x0000000100000000)
  region size 1024K, 17 young (17408K), 1 survivors (1024K)
 Metaspace       used 47838K, committed 48256K, reserved 1114112K
  class space    used 6105K, committed 6272K, reserved 1048576K
}
Event: 7.512 GC heap after
{Heap after GC invocations=14 (full 0):
 garbage-first heap   total 48128K, used 21723K [0x0000000082800000, 0x0000000100000000)
  region size 1024K, 2 young (2048K), 2 survivors (2048K)
 Metaspace       used 47838K, committed 48256K, reserved 1114112K
  class space    used 6105K, committed 6272K, reserved 1048576K
}
Event: 7.935 GC heap before
{Heap before GC invocations=14 (full 0):
 garbage-first heap   total 48128K, used 38107K [0x0000000082800000, 0x0000000100000000)
  region size 1024K, 18 young (18432K), 2 survivors (2048K)
 Metaspace       used 50227K, committed 50560K, reserved 1114112K
  class space    used 6385K, committed 6528K, reserved 1048576K
}
Event: 7.939 GC heap after
{Heap after GC invocations=15 (full 0):
 garbage-first heap   total 48128K, used 23586K [0x0000000082800000, 0x0000000100000000)
  region size 1024K, 3 young (3072K), 3 survivors (3072K)
 Metaspace       used 50227K, committed 50560K, reserved 1114112K
  class space    used 6385K, committed 6528K, reserved 1048576K
}
Event: 13.160 GC heap before
{Heap before GC invocations=15 (full 0):
 garbage-first heap   total 48128K, used 37922K [0x0000000082800000, 0x0000000100000000)
  region size 1024K, 17 young (17408K), 3 survivors (3072K)
 Metaspace       used 51546K, committed 51904K, reserved 1114112K
  class space    used 6565K, committed 6720K, reserved 1048576K
}
Event: 13.164 GC heap after
{Heap after GC invocations=16 (full 0):
 garbage-first heap   total 48128K, used 24216K [0x0000000082800000, 0x0000000100000000)
  region size 1024K, 1 young (1024K), 1 survivors (1024K)
 Metaspace       used 51546K, committed 51904K, reserved 1114112K
  class space    used 6565K, committed 6720K, reserved 1048576K
}
Event: 13.445 GC heap before
{Heap before GC invocations=16 (full 0):
 garbage-first heap   total 48128K, used 38552K [0x0000000082800000, 0x0000000100000000)
  region size 1024K, 15 young (15360K), 1 survivors (1024K)
 Metaspace       used 52707K, committed 53120K, reserved 1114112K
  class space    used 6713K, committed 6912K, reserved 1048576K
}
Event: 13.448 GC heap after
{Heap after GC invocations=17 (full 0):
 garbage-first heap   total 48128K, used 24867K [0x0000000082800000, 0x0000000100000000)
  region size 1024K, 2 young (2048K), 2 survivors (2048K)
 Metaspace       used 52707K, committed 53120K, reserved 1114112K
  class space    used 6713K, committed 6912K, reserved 1048576K
}
Event: 13.801 GC heap before
{Heap before GC invocations=18 (full 0):
 garbage-first heap   total 48128K, used 39203K [0x0000000082800000, 0x0000000100000000)
  region size 1024K, 16 young (16384K), 2 survivors (2048K)
 Metaspace       used 54522K, committed 54912K, reserved 1114112K
  class space    used 6963K, committed 7168K, reserved 1048576K
}
Event: 13.804 GC heap after
{Heap after GC invocations=19 (full 0):
 garbage-first heap   total 48128K, used 26111K [0x0000000082800000, 0x0000000100000000)
  region size 1024K, 2 young (2048K), 2 survivors (2048K)
 Metaspace       used 54522K, committed 54912K, reserved 1114112K
  class space    used 6963K, committed 7168K, reserved 1048576K
}
Event: 13.827 GC heap before
{Heap before GC invocations=19 (full 0):
 garbage-first heap   total 48128K, used 27135K [0x0000000082800000, 0x0000000100000000)
  region size 1024K, 3 young (3072K), 2 survivors (2048K)
 Metaspace       used 54640K, committed 55040K, reserved 1114112K
  class space    used 6983K, committed 7168K, reserved 1048576K
}
Event: 13.831 GC heap after
{Heap after GC invocations=20 (full 0):
 garbage-first heap   total 48128K, used 26133K [0x0000000082800000, 0x0000000100000000)
  region size 1024K, 1 young (1024K), 1 survivors (1024K)
 Metaspace       used 54640K, committed 55040K, reserved 1114112K
  class space    used 6983K, committed 7168K, reserved 1048576K
}
Event: 14.081 GC heap before
{Heap before GC invocations=20 (full 0):
 garbage-first heap   total 48128K, used 37397K [0x0000000082800000, 0x0000000100000000)
  region size 1024K, 13 young (13312K), 1 survivors (1024K)
 Metaspace       used 55470K, committed 55872K, reserved 1114112K
  class space    used 7118K, committed 7296K, reserved 1048576K
}
Event: 14.084 GC heap after
{Heap after GC invocations=21 (full 0):
 garbage-first heap   total 48128K, used 27071K [0x0000000082800000, 0x0000000100000000)
  region size 1024K, 2 young (2048K), 2 survivors (2048K)
 Metaspace       used 55470K, committed 55872K, reserved 1114112K
  class space    used 7118K, committed 7296K, reserved 1048576K
}
Event: 14.258 GC heap before
{Heap before GC invocations=22 (full 0):
 garbage-first heap   total 53248K, used 38335K [0x0000000082800000, 0x0000000100000000)
  region size 1024K, 13 young (13312K), 2 survivors (2048K)
 Metaspace       used 56289K, committed 56768K, reserved 1114112K
  class space    used 7246K, committed 7488K, reserved 1048576K
}
Event: 14.260 GC heap after
{Heap after GC invocations=23 (full 0):
 garbage-first heap   total 53248K, used 27974K [0x0000000082800000, 0x0000000100000000)
  region size 1024K, 1 young (1024K), 1 survivors (1024K)
 Metaspace       used 56289K, committed 56768K, reserved 1114112K
  class space    used 7246K, committed 7488K, reserved 1048576K
}
Event: 14.333 GC heap before
{Heap before GC invocations=23 (full 0):
 garbage-first heap   total 53248K, used 42310K [0x0000000082800000, 0x0000000100000000)
  region size 1024K, 15 young (15360K), 1 survivors (1024K)
 Metaspace       used 56455K, committed 56960K, reserved 1114112K
  class space    used 7253K, committed 7488K, reserved 1048576K
}
Event: 14.335 GC heap after
{Heap after GC invocations=24 (full 0):
 garbage-first heap   total 53248K, used 28343K [0x0000000082800000, 0x0000000100000000)
  region size 1024K, 2 young (2048K), 2 survivors (2048K)
 Metaspace       used 56455K, committed 56960K, reserved 1114112K
  class space    used 7253K, committed 7488K, reserved 1048576K
}
Event: 14.437 GC heap before
{Heap before GC invocations=24 (full 0):
 garbage-first heap   total 53248K, used 41655K [0x0000000082800000, 0x0000000100000000)
  region size 1024K, 15 young (15360K), 2 survivors (2048K)
 Metaspace       used 56759K, committed 57216K, reserved 1114112K
  class space    used 7283K, committed 7488K, reserved 1048576K
}
Event: 14.439 GC heap after
{Heap after GC invocations=25 (full 0):
 garbage-first heap   total 77824K, used 29034K [0x0000000082800000, 0x0000000100000000)
  region size 1024K, 2 young (2048K), 2 survivors (2048K)
 Metaspace       used 56759K, committed 57216K, reserved 1114112K
  class space    used 7283K, committed 7488K, reserved 1048576K
}

